<?xml version="1.0" encoding="UTF-8"?>
<testsuite xmlns:xsi="http://www.w3.org/2001/XMLSchema-instance" xsi:noNamespaceSchemaLocation="https://maven.apache.org/surefire/maven-surefire-plugin/xsd/surefire-test-report.xsd" name="blackjack.CreatesCorrectDeckTest" time="0.018" tests="2" errors="0" skipped="0" failures="0">
  <properties>
[...]
</properties>
  <testcase name="testDeckHas52Cards" classname="blackjack.CreatesCorrectDeckTest" time="0"/>
  <testcase name="testDeckIsShuffled" classname="blackjack.CreatesCorrectDeckTest" time="0"/>
</testsuite>